TN:
SF:src/app.ts
FN:25,(anonymous_7)
FNF:1
FNH:0
FNDA:0,(anonymous_7)
DA:1,0
DA:2,0
DA:3,0
DA:4,0
DA:5,0
DA:6,0
DA:7,0
DA:9,0
DA:10,0
DA:11,0
DA:12,0
DA:15,0
DA:18,0
DA:22,0
DA:25,0
DA:26,0
DA:32,0
DA:34,0
LF:18
LH:0
BRF:0
BRH:0
end_of_record
TN:
SF:src/data-source.ts
FNF:0
FNH:0
DA:1,0
DA:2,0
DA:3,0
DA:4,0
DA:5,0
DA:7,0
LF:6
LH:0
BRF:0
BRH:0
end_of_record
TN:
SF:src/index.ts
FN:11,(anonymous_20)
FN:73,(anonymous_23)
FN:75,(anonymous_24)
FNF:3
FNH:0
FNDA:0,(anonymous_20)
FNDA:0,(anonymous_23)
FNDA:0,(anonymous_24)
DA:1,0
DA:2,0
DA:3,0
DA:4,0
DA:5,0
DA:6,0
DA:8,0
DA:10,0
DA:11,0
DA:13,0
DA:14,0
DA:15,0
DA:16,0
DA:17,0
DA:18,0
DA:19,0
DA:20,0
DA:21,0
DA:22,0
DA:24,0
DA:25,0
DA:26,0
DA:27,0
DA:28,0
DA:29,0
DA:33,0
DA:34,0
DA:35,0
DA:36,0
DA:37,0
DA:39,0
DA:40,0
DA:41,0
DA:42,0
DA:43,0
DA:44,0
DA:47,0
DA:48,0
DA:49,0
DA:50,0
DA:51,0
DA:52,0
DA:53,0
DA:54,0
DA:55,0
DA:56,0
DA:57,0
DA:60,0
DA:61,0
DA:63,0
DA:64,0
DA:66,0
DA:67,0
DA:69,0
DA:73,0
DA:75,0
DA:76,0
LF:57
LH:0
BRDA:26,0,0,0
BRDA:41,1,0,0
BRDA:54,2,0,0
BRF:3
BRH:0
end_of_record
TN:
SF:src/constants/DBTable.ts
FN:1,(anonymous_0)
FNF:1
FNH:0
FNDA:0,(anonymous_0)
DA:1,0
DA:2,0
DA:3,0
DA:4,0
LF:4
LH:0
BRDA:1,0,0,0
BRDA:1,0,1,0
BRF:2
BRH:0
end_of_record
TN:
SF:src/constants/Role.ts
FN:1,(anonymous_0)
FNF:1
FNH:0
FNDA:0,(anonymous_0)
DA:1,0
DA:2,0
DA:3,0
LF:3
LH:0
BRDA:1,0,0,0
BRDA:1,0,1,0
BRF:2
BRH:0
end_of_record
TN:
SF:src/controllers/AuthController.ts
FN:10,(anonymous_13)
FN:11,(anonymous_15)
FN:37,(anonymous_18)
FNF:3
FNH:0
FNDA:0,(anonymous_13)
FNDA:0,(anonymous_15)
FNDA:0,(anonymous_18)
DA:1,0
DA:2,0
DA:3,0
DA:4,0
DA:5,0
DA:6,0
DA:8,0
DA:10,0
DA:11,0
DA:16,0
DA:18,0
DA:19,0
DA:20,0
DA:21,0
DA:23,0
DA:25,0
DA:26,0
DA:27,0
DA:29,0
DA:37,0
DA:38,0
DA:39,0
DA:40,0
DA:41,0
DA:42,0
DA:44,0
DA:46,0
DA:47,0
DA:48,0
DA:58,0
DA:59,0
DA:61,0
DA:62,0
DA:63,0
DA:64,0
DA:66,0
DA:74,0
DA:76,0
DA:81,0
LF:39
LH:0
BRDA:58,0,0,0
BRDA:63,1,0,0
BRDA:68,2,0,0
BRDA:68,2,1,0
BRF:4
BRH:0
end_of_record
TN:
SF:src/controllers/ping.controller.ts
FN:16,(anonymous_0)
FNF:1
FNH:1
FNDA:1,(anonymous_0)
DA:16,1
LF:1
LH:1
BRF:0
BRH:0
end_of_record
TN:
SF:src/dtos/AuthDTO.ts
FN:5,(anonymous_2)
FN:22,(anonymous_4)
FNF:2
FNH:0
FNDA:0,(anonymous_2)
FNDA:0,(anonymous_4)
DA:1,0
DA:2,0
DA:3,0
DA:5,0
DA:9,0
DA:14,0
DA:19,0
DA:20,0
DA:22,0
DA:25,0
DA:30,0
DA:31,0
LF:12
LH:0
BRF:0
BRH:0
end_of_record
TN:
SF:src/entity/Orders.ts
FN:11,(anonymous_2)
FNF:1
FNH:0
FNDA:0,(anonymous_2)
DA:1,0
DA:8,0
DA:11,0
DA:13,0
DA:16,0
DA:19,0
DA:22,0
DA:25,0
DA:28,0
DA:29,0
LF:10
LH:0
BRF:0
BRH:0
end_of_record
TN:
SF:src/entity/Products.ts
FN:11,(anonymous_2)
FNF:1
FNH:0
FNDA:0,(anonymous_2)
DA:1,0
DA:8,0
DA:11,0
DA:13,0
DA:16,0
DA:19,0
DA:22,0
DA:25,0
DA:26,0
LF:9
LH:0
BRF:0
BRH:0
end_of_record
TN:
SF:src/entity/User.ts
FN:15,(anonymous_15)
FN:32,(anonymous_17)
FN:50,(anonymous_20)
FNF:3
FNH:0
FNDA:0,(anonymous_15)
FNDA:0,(anonymous_17)
FNDA:0,(anonymous_20)
DA:1,0
DA:2,0
DA:11,0
DA:12,0
DA:15,0
DA:17,0
DA:20,0
DA:23,0
DA:26,0
DA:29,0
DA:32,0
DA:33,0
DA:36,0
DA:39,0
DA:42,0
DA:45,0
DA:48,0
DA:50,0
DA:51,0
DA:52,0
DA:53,0
DA:54,0
DA:55,0
DA:56,0
DA:57,0
DA:59,0
DA:61,0
LF:27
LH:0
BRF:0
BRH:0
end_of_record
TN:
SF:src/middlewares/ErrorHandler.ts
FN:6,(anonymous_0)
FN:7,(anonymous_2)
FN:8,(anonymous_3)
FN:13,(anonymous_4)
FN:40,(anonymous_5)
FN:42,(anonymous_6)
FNF:6
FNH:0
FNDA:0,(anonymous_0)
FNDA:0,(anonymous_2)
FNDA:0,(anonymous_3)
FNDA:0,(anonymous_4)
FNDA:0,(anonymous_5)
FNDA:0,(anonymous_6)
DA:1,0
DA:3,0
DA:4,0
DA:6,0
DA:7,0
DA:8,0
DA:9,0
DA:13,0
DA:19,0
DA:20,0
DA:21,0
DA:29,0
DA:30,0
DA:31,0
DA:34,0
DA:40,0
DA:41,0
DA:42,0
DA:43,0
DA:44,0
DA:46,0
DA:48,0
DA:50,0
LF:23
LH:0
BRDA:20,0,0,0
BRDA:29,1,0,0
BRDA:29,2,0,0
BRDA:29,2,1,0
BRDA:43,3,0,0
BRF:5
BRH:0
end_of_record
TN:
SF:src/routes/auth.ts
FNF:0
FNH:0
DA:2,0
DA:3,0
DA:4,0
DA:6,0
DA:8,0
DA:9,0
DA:10,0
DA:12,0
LF:8
LH:0
BRF:0
BRH:0
end_of_record
TN:
SF:src/utils/Response.ts
FN:3,(anonymous_0)
FN:4,(anonymous_2)
FN:19,(anonymous_3)
FNF:3
FNH:0
FNDA:0,(anonymous_0)
FNDA:0,(anonymous_2)
FNDA:0,(anonymous_3)
DA:3,0
DA:4,0
DA:8,0
DA:9,0
DA:11,0
DA:19,0
DA:22,0
DA:25,0
DA:31,0
LF:9
LH:0
BRDA:8,0,0,0
BRDA:9,1,0,0
BRDA:22,2,0,0
BRF:3
BRH:0
end_of_record
TN:
SF:src/validators/IsUniqueValidator.ts
FN:12,(anonymous_14)
FN:13,(anonymous_16)
FN:17,(anonymous_17)
FN:38,IsUnique
FN:43,(anonymous_21)
FNF:5
FNH:0
FNDA:0,(anonymous_14)
FNDA:0,(anonymous_16)
FNDA:0,(anonymous_17)
FNDA:0,IsUnique
FNDA:0,(anonymous_21)
DA:1,0
DA:8,0
DA:9,0
DA:12,0
DA:13,0
DA:14,0
DA:17,0
DA:18,0
DA:20,0
DA:21,0
DA:22,0
DA:24,0
DA:26,0
DA:27,0
DA:29,0
DA:34,0
DA:36,0
DA:38,0
DA:43,0
DA:44,0
LF:20
LH:0
BRDA:29,0,0,0
BRDA:29,0,1,0
BRDA:26,1,0,0
BRF:3
BRH:0
end_of_record
